Start testing: Dec 03 20:11 Közép-európai téli ido
----------------------------------------------------------
1/7 Testing: PlayerTest.PlayerStatsPositive
1/7 Test: PlayerTest.PlayerStatsPositive
Command: "C:/Users/langf/OneDrive/Dokumentumok/GitHub/Tokfilkok/Tests/cmake-build-debug/tests.exe" "--gtest_filter=PlayerTest.PlayerStatsPositive" "--gtest_also_run_disabled_tests"
Directory: C:/Users/langf/OneDrive/Dokumentumok/GitHub/Tokfilkok/Tests/cmake-build-debug
"PlayerTest.PlayerStatsPositive" start time: Dec 03 20:11 Közép-európai téli ido
Output:
----------------------------------------------------------
Running main() from C:/Users/langf/OneDrive/Dokumentumok/GitHub/Tokfilkok/Tests/cmake-build-debug/_deps/googletest-src/googletest/src/gtest_main.cc
Note: Google Test filter = PlayerTest.PlayerStatsPositive
[==========] Running 1 test from 1 test suite.
[----------] Global test environment set-up.
[----------] 1 test from PlayerTest
[ RUN      ] PlayerTest.PlayerStatsPositive
[       OK ] PlayerTest.PlayerStatsPositive (0 ms)
[----------] 1 test from PlayerTest (0 ms total)

[----------] Global test environment tear-down
[==========] 1 test from 1 test suite ran. (0 ms total)
[  PASSED  ] 1 test.
<end of output>
Test time =   0.01 sec
----------------------------------------------------------
Test Passed.
"PlayerTest.PlayerStatsPositive" end time: Dec 03 20:11 Közép-európai téli ido
"PlayerTest.PlayerStatsPositive" time elapsed: 00:00:00
----------------------------------------------------------

2/7 Testing: BossTest.BossVectorNotEmpty
2/7 Test: BossTest.BossVectorNotEmpty
Command: "C:/Users/langf/OneDrive/Dokumentumok/GitHub/Tokfilkok/Tests/cmake-build-debug/tests.exe" "--gtest_filter=BossTest.BossVectorNotEmpty" "--gtest_also_run_disabled_tests"
Directory: C:/Users/langf/OneDrive/Dokumentumok/GitHub/Tokfilkok/Tests/cmake-build-debug
"BossTest.BossVectorNotEmpty" start time: Dec 03 20:11 Közép-európai téli ido
Output:
----------------------------------------------------------
Running main() from C:/Users/langf/OneDrive/Dokumentumok/GitHub/Tokfilkok/Tests/cmake-build-debug/_deps/googletest-src/googletest/src/gtest_main.cc
Note: Google Test filter = BossTest.BossVectorNotEmpty
[==========] Running 1 test from 1 test suite.
[----------] Global test environment set-up.
[----------] 1 test from BossTest
[ RUN      ] BossTest.BossVectorNotEmpty
[       OK ] BossTest.BossVectorNotEmpty (3 ms)
[----------] 1 test from BossTest (3 ms total)

[----------] Global test environment tear-down
[==========] 1 test from 1 test suite ran. (3 ms total)
[  PASSED  ] 1 test.
<end of output>
Test time =   0.01 sec
----------------------------------------------------------
Test Passed.
"BossTest.BossVectorNotEmpty" end time: Dec 03 20:11 Közép-európai téli ido
"BossTest.BossVectorNotEmpty" time elapsed: 00:00:00
----------------------------------------------------------

3/7 Testing: BossTest.BossStatsPositive
3/7 Test: BossTest.BossStatsPositive
Command: "C:/Users/langf/OneDrive/Dokumentumok/GitHub/Tokfilkok/Tests/cmake-build-debug/tests.exe" "--gtest_filter=BossTest.BossStatsPositive" "--gtest_also_run_disabled_tests"
Directory: C:/Users/langf/OneDrive/Dokumentumok/GitHub/Tokfilkok/Tests/cmake-build-debug
"BossTest.BossStatsPositive" start time: Dec 03 20:11 Közép-európai téli ido
Output:
----------------------------------------------------------
Running main() from C:/Users/langf/OneDrive/Dokumentumok/GitHub/Tokfilkok/Tests/cmake-build-debug/_deps/googletest-src/googletest/src/gtest_main.cc
Note: Google Test filter = BossTest.BossStatsPositive
[==========] Running 1 test from 1 test suite.
[----------] Global test environment set-up.
[----------] 1 test from BossTest
[ RUN      ] BossTest.BossStatsPositive
[       OK ] BossTest.BossStatsPositive (2 ms)
[----------] 1 test from BossTest (2 ms total)

[----------] Global test environment tear-down
[==========] 1 test from 1 test suite ran. (2 ms total)
[  PASSED  ] 1 test.
<end of output>
Test time =   0.01 sec
----------------------------------------------------------
Test Passed.
"BossTest.BossStatsPositive" end time: Dec 03 20:11 Közép-európai téli ido
"BossTest.BossStatsPositive" time elapsed: 00:00:00
----------------------------------------------------------

4/7 Testing: ShopTest.ShopVectorNotEmpty
4/7 Test: ShopTest.ShopVectorNotEmpty
Command: "C:/Users/langf/OneDrive/Dokumentumok/GitHub/Tokfilkok/Tests/cmake-build-debug/tests.exe" "--gtest_filter=ShopTest.ShopVectorNotEmpty" "--gtest_also_run_disabled_tests"
Directory: C:/Users/langf/OneDrive/Dokumentumok/GitHub/Tokfilkok/Tests/cmake-build-debug
"ShopTest.ShopVectorNotEmpty" start time: Dec 03 20:11 Közép-európai téli ido
Output:
----------------------------------------------------------
Running main() from C:/Users/langf/OneDrive/Dokumentumok/GitHub/Tokfilkok/Tests/cmake-build-debug/_deps/googletest-src/googletest/src/gtest_main.cc
Note: Google Test filter = ShopTest.ShopVectorNotEmpty
[==========] Running 1 test from 1 test suite.
[----------] Global test environment set-up.
[----------] 1 test from ShopTest
[ RUN      ] ShopTest.ShopVectorNotEmpty
[       OK ] ShopTest.ShopVectorNotEmpty (1 ms)
[----------] 1 test from ShopTest (1 ms total)

[----------] Global test environment tear-down
[==========] 1 test from 1 test suite ran. (2 ms total)
[  PASSED  ] 1 test.
<end of output>
Test time =   0.04 sec
----------------------------------------------------------
Test Passed.
"ShopTest.ShopVectorNotEmpty" end time: Dec 03 20:11 Közép-európai téli ido
"ShopTest.ShopVectorNotEmpty" time elapsed: 00:00:00
----------------------------------------------------------

5/7 Testing: ShopTest.ShopObjectsHaveValues
5/7 Test: ShopTest.ShopObjectsHaveValues
Command: "C:/Users/langf/OneDrive/Dokumentumok/GitHub/Tokfilkok/Tests/cmake-build-debug/tests.exe" "--gtest_filter=ShopTest.ShopObjectsHaveValues" "--gtest_also_run_disabled_tests"
Directory: C:/Users/langf/OneDrive/Dokumentumok/GitHub/Tokfilkok/Tests/cmake-build-debug
"ShopTest.ShopObjectsHaveValues" start time: Dec 03 20:11 Közép-európai téli ido
Output:
----------------------------------------------------------
Running main() from C:/Users/langf/OneDrive/Dokumentumok/GitHub/Tokfilkok/Tests/cmake-build-debug/_deps/googletest-src/googletest/src/gtest_main.cc
Note: Google Test filter = ShopTest.ShopObjectsHaveValues
[==========] Running 1 test from 1 test suite.
[----------] Global test environment set-up.
[----------] 1 test from ShopTest
[ RUN      ] ShopTest.ShopObjectsHaveValues
[       OK ] ShopTest.ShopObjectsHaveValues (2 ms)
[----------] 1 test from ShopTest (2 ms total)

[----------] Global test environment tear-down
[==========] 1 test from 1 test suite ran. (2 ms total)
[  PASSED  ] 1 test.
<end of output>
Test time =   0.01 sec
----------------------------------------------------------
Test Passed.
"ShopTest.ShopObjectsHaveValues" end time: Dec 03 20:11 Közép-európai téli ido
"ShopTest.ShopObjectsHaveValues" time elapsed: 00:00:00
----------------------------------------------------------

6/7 Testing: ShopTest.DebuffsObjectsHaveValues
6/7 Test: ShopTest.DebuffsObjectsHaveValues
Command: "C:/Users/langf/OneDrive/Dokumentumok/GitHub/Tokfilkok/Tests/cmake-build-debug/tests.exe" "--gtest_filter=ShopTest.DebuffsObjectsHaveValues" "--gtest_also_run_disabled_tests"
Directory: C:/Users/langf/OneDrive/Dokumentumok/GitHub/Tokfilkok/Tests/cmake-build-debug
"ShopTest.DebuffsObjectsHaveValues" start time: Dec 03 20:11 Közép-európai téli ido
Output:
----------------------------------------------------------
Running main() from C:/Users/langf/OneDrive/Dokumentumok/GitHub/Tokfilkok/Tests/cmake-build-debug/_deps/googletest-src/googletest/src/gtest_main.cc
Note: Google Test filter = ShopTest.DebuffsObjectsHaveValues
[==========] Running 1 test from 1 test suite.
[----------] Global test environment set-up.
[----------] 1 test from ShopTest
[ RUN      ] ShopTest.DebuffsObjectsHaveValues
[       OK ] ShopTest.DebuffsObjectsHaveValues (1 ms)
[----------] 1 test from ShopTest (1 ms total)

[----------] Global test environment tear-down
[==========] 1 test from 1 test suite ran. (1 ms total)
[  PASSED  ] 1 test.
<end of output>
Test time =   0.01 sec
----------------------------------------------------------
Test Passed.
"ShopTest.DebuffsObjectsHaveValues" end time: Dec 03 20:11 Közép-európai téli ido
"ShopTest.DebuffsObjectsHaveValues" time elapsed: 00:00:00
----------------------------------------------------------

7/7 Testing: DebuffsTest.DebuffsVectorNotEmpty
7/7 Test: DebuffsTest.DebuffsVectorNotEmpty
Command: "C:/Users/langf/OneDrive/Dokumentumok/GitHub/Tokfilkok/Tests/cmake-build-debug/tests.exe" "--gtest_filter=DebuffsTest.DebuffsVectorNotEmpty" "--gtest_also_run_disabled_tests"
Directory: C:/Users/langf/OneDrive/Dokumentumok/GitHub/Tokfilkok/Tests/cmake-build-debug
"DebuffsTest.DebuffsVectorNotEmpty" start time: Dec 03 20:11 Közép-európai téli ido
Output:
----------------------------------------------------------
Running main() from C:/Users/langf/OneDrive/Dokumentumok/GitHub/Tokfilkok/Tests/cmake-build-debug/_deps/googletest-src/googletest/src/gtest_main.cc
Note: Google Test filter = DebuffsTest.DebuffsVectorNotEmpty
[==========] Running 1 test from 1 test suite.
[----------] Global test environment set-up.
[----------] 1 test from DebuffsTest
[ RUN      ] DebuffsTest.DebuffsVectorNotEmpty
[       OK ] DebuffsTest.DebuffsVectorNotEmpty (1 ms)
[----------] 1 test from DebuffsTest (1 ms total)

[----------] Global test environment tear-down
[==========] 1 test from 1 test suite ran. (1 ms total)
[  PASSED  ] 1 test.
<end of output>
Test time =   0.01 sec
----------------------------------------------------------
Test Passed.
"DebuffsTest.DebuffsVectorNotEmpty" end time: Dec 03 20:11 Közép-európai téli ido
"DebuffsTest.DebuffsVectorNotEmpty" time elapsed: 00:00:00
----------------------------------------------------------

End testing: Dec 03 20:11 Közép-európai téli ido
